- [OUTPUT] ft_printf("%.s", NULL)
   expected: ""
   actual:   "(null)"

- [OUTPUT] ft_printf("%.03s", NULL)
   expected: ""
   actual:   "(null)"

- [OUTPUT] ft_printf("%3.s", NULL)
   expected: "   "
   actual:   "(null)"

- [OUTPUT] ft_printf("%10.s", NULL)
   expected: "          "
   actual:   "    (null)"

- [OUTPUT] ft_printf("%-3.s", NULL)
   expected: "   "
   actual:   "(null)"

- [OUTPUT] ft_printf("%-8.s", NULL)
   expected: "        "
   actual:   "(null)  "

- [OUTPUT] ft_printf("%3.1s", NULL)
   expected: "   "
   actual:   "(null)"

- [OUTPUT] ft_printf("%9.1s", NULL)
   expected: "         "
   actual:   "   (null)"

- [OUTPUT] ft_printf("%-3.1s", NULL)
   expected: "   "
   actual:   "(null)"

- [OUTPUT] ft_printf("%-9.1s", NULL)
   expected: "         "
   actual:   "(null)   "

- [OUTPUT] ft_printf("%7i", -14)
   expected: "    -14"
   actual:   "-    14"

- [OUTPUT] ft_printf("%10.5i", -216)
   expected: "    -00216"
   actual:   "-    00216"

- [OUTPUT] ft_printf("%8.3i", -8473)
   expected: "   -8473"
   actual:   "-   8473"

- [OUTPUT] ft_printf("%08.5i", 34)
   expected: "   00034"
   actual:   "00000034"

- [OUTPUT] ft_printf("%010.5i", -216)
   expected: "    -00216"
   actual:   "-000000216"

- [OUTPUT] ft_printf("%08.5i", 0)
   expected: "   00000"
   actual:   "00000000"

- [OUTPUT] ft_printf("%08.3i", 8375)
   expected: "    8375"
   actual:   "00008375"

- [OUTPUT] ft_printf("%08.3i", -8473)
   expected: "   -8473"
   actual:   "-0008473"

- [OUTPUT] ft_printf("%.0i", 0)
   expected: ""
   actual:   "0"

- [OUTPUT] ft_printf("%.i", 0)
   expected: ""
   actual:   "0"

- [OUTPUT] ft_printf("%5.0i", 0)
   expected: "     "
   actual:   "    0"

- [OUTPUT] ft_printf("%5.i", 0)
   expected: "     "
   actual:   "    0"

- [OUTPUT] ft_printf("%-5.0i", 0)
   expected: "     "
   actual:   "0    "

- [OUTPUT] ft_printf("%-5.i", 0)
   expected: "     "
   actual:   "0    "

- [OUTPUT] ft_printf("%7d", -14)
   expected: "    -14"
   actual:   "-    14"

- [OUTPUT] ft_printf("%10.5d", -216)
   expected: "    -00216"
   actual:   "-    00216"

- [OUTPUT] ft_printf("%8.3d", -8473)
   expected: "   -8473"
   actual:   "-   8473"

- [OUTPUT] ft_printf("%08.5d", 34)
   expected: "   00034"
   actual:   "00000034"

- [OUTPUT] ft_printf("%010.5d", -216)
   expected: "    -00216"
   actual:   "-000000216"

- [OUTPUT] ft_printf("%08.5d", 0)
   expected: "   00000"
   actual:   "00000000"

- [OUTPUT] ft_printf("%08.3d", 8375)
   expected: "    8375"
   actual:   "00008375"

- [OUTPUT] ft_printf("%08.3d", -8473)
   expected: "   -8473"
   actual:   "-0008473"

- [OUTPUT] ft_printf("%.0d", 0)
   expected: ""
   actual:   "0"

- [OUTPUT] ft_printf("%.d", 0)
   expected: ""
   actual:   "0"

- [OUTPUT] ft_printf("%5.0d", 0)
   expected: "     "
   actual:   "    0"

- [OUTPUT] ft_printf("%5.d", 0)
   expected: "     "
   actual:   "    0"

- [OUTPUT] ft_printf("%-5.0d", 0)
   expected: "     "
   actual:   "0    "

- [OUTPUT] ft_printf("%-5.d", 0)
   expected: "     "
   actual:   "0    "

- [OUTPUT] ft_printf("%08.5u", 34)
   expected: "   00034"
   actual:   "00000034"

- [OUTPUT] ft_printf("%08.5u", 0)
   expected: "   00000"
   actual:   "00000000"

- [OUTPUT] ft_printf("%08.3u", 8375)
   expected: "    8375"
   actual:   "00008375"

- [OUTPUT] ft_printf("%.0u", 0)
   expected: ""
   actual:   "0"

- [OUTPUT] ft_printf("%.u", 0)
   expected: ""
   actual:   "0"

- [OUTPUT] ft_printf("%5.0u", 0)
   expected: "     "
   actual:   "    0"

- [OUTPUT] ft_printf("%5.u", 0)
   expected: "     "
   actual:   "    0"

- [OUTPUT] ft_printf("%-5.0u", 0)
   expected: "     "
   actual:   "0    "

- [OUTPUT] ft_printf("%-5.u", 0)
   expected: "     "
   actual:   "0    "

- [OUTPUT] ft_printf("%08.5x", 34)
   expected: "   00022"
   actual:   "00000022"

- [OUTPUT] ft_printf("%08.5x", 0)
   expected: "   00000"
   actual:   "00000000"

- [OUTPUT] ft_printf("%08.3x", 8375)
   expected: "    20b7"
   actual:   "000020b7"

- [OUTPUT] ft_printf("%.0x", 0)
   expected: ""
   actual:   "0"

- [OUTPUT] ft_printf("%.x", 0)
   expected: ""
   actual:   "0"

- [OUTPUT] ft_printf("%5.0x", 0)
   expected: "     "
   actual:   "    0"

- [OUTPUT] ft_printf("%5.x", 0)
   expected: "     "
   actual:   "    0"

- [OUTPUT] ft_printf("%-5.0x", 0)
   expected: "     "
   actual:   "0    "

- [OUTPUT] ft_printf("%-5.x", 0)
   expected: "     "
   actual:   "0    "

- [OUTPUT] ft_printf("%08.5x", 34)
   expected: "   00022"
   actual:   "00000022"

- [OUTPUT] ft_printf("%08.5x", 0)
   expected: "   00000"
   actual:   "00000000"

- [OUTPUT] ft_printf("%08.3x", 8375)
   expected: "    20b7"
   actual:   "000020b7"

- [OUTPUT] ft_printf("%.0x", 0)
   expected: ""
   actual:   "0"

- [OUTPUT] ft_printf("%.x", 0)
   expected: ""
   actual:   "0"

- [OUTPUT] ft_printf("%5.0x", 0)
   expected: "     "
   actual:   "    0"

- [OUTPUT] ft_printf("%5.x", 0)
   expected: "     "
   actual:   "    0"

- [OUTPUT] ft_printf("%-5.0x", 0)
   expected: "     "
   actual:   "0    "

- [OUTPUT] ft_printf("%-5.x", 0)
   expected: "     "
   actual:   "0    "

- [OUTPUT] ft_printf("%08.5X", 34)
   expected: "   00022"
   actual:   "00000022"

- [OUTPUT] ft_printf("%08.5X", 0)
   expected: "   00000"
   actual:   "00000000"

- [OUTPUT] ft_printf("%08.3X", 8375)
   expected: "    20B7"
   actual:   "000020B7"

- [OUTPUT] ft_printf("%08.5X", 34)
   expected: "   00022"
   actual:   "00000022"

- [OUTPUT] ft_printf("%08.5X", 0)
   expected: "   00000"
   actual:   "00000000"

- [OUTPUT] ft_printf("%08.3X", 8375)
   expected: "    20B7"
   actual:   "000020B7"

- [OUTPUT] ft_printf("%.0X", 0)
   expected: ""
   actual:   "0"

- [OUTPUT] ft_printf("%.X", 0)
   expected: ""
   actual:   "0"

- [OUTPUT] ft_printf("%5.0X", 0)
   expected: "     "
   actual:   "    0"

- [OUTPUT] ft_printf("%5.X", 0)
   expected: "     "
   actual:   "    0"

- [OUTPUT] ft_printf("%-5.0X", 0)
   expected: "     "
   actual:   "0    "

- [OUTPUT] ft_printf("%-5.X", 0)
   expected: "     "
   actual:   "0    "

- [OUTPUT] ft_printf("{%10d}", -42)
   expected: "{       -42}"
   actual:   "{-       42}"

- [OUTPUT] ft_printf("{%03.2d}", 0)
   expected: "{ 00}"
   actual:   "{000}"

- [OUTPUT] ft_printf("%15.4d", -42)
   expected: "          -0042"
   actual:   "-          0042"

- [OUTPUT] ft_printf("%15.4d", -424242)
   expected: "        -424242"
   actual:   "-        424242"

- [OUTPUT] ft_printf("%.d, %.0d", 0, 0)
   expected: ", "
   actual:   "0, 0"

- [OUTPUT] ft_printf("%.i, %.0i", 0, 0)
   expected: ", "
   actual:   "0, 0"

- [OUTPUT] ft_printf("%.u, %.0u", 0, 0)
   expected: ", "
   actual:   "0, 0"

- [OUTPUT] ft_printf("%.x, %.0x", 0, 0)
   expected: ", "
   actual:   "0, 0"

- [OUTPUT] ft_printf("%.X, %.0X", 0, 0)
   expected: ", "
   actual:   "0, 0"

- [OUTPUT] ft_printf("p3 %.4s\n", NULL)
   expected: "p3 \n"
   actual:   "p3 (null)\n"

- [OUTPUT] ft_printf("p12 %.0d\n", 0)
   expected: "p12 \n"
   actual:   "p12 0\n"

- [OUTPUT] ft_printf("p20 %.0x\n", 0)
   expected: "p20 \n"
   actual:   "p20 0\n"

- [OUTPUT] ft_printf("p28 %.0x\n", 0)
   expected: "p28 \n"
   actual:   "p28 0\n"

- [OUTPUT] ft_printf("p36 %.0u\n", 0)
   expected: "p36 \n"
   actual:   "p36 0\n"

- [OUTPUT] ft_printf("%50.2s", NULL)
   expected: "                                                  "
   actual:   "                                            (null)"

- [OUTPUT] ft_printf("t12 %.0d\n", 0)
   expected: "t12 \n"
   actual:   "t12 0\n"

- [OUTPUT] ft_printf("31 This is an int : %.0d\n\n", 0)
   expected: "31 This is an int : \n\n"
   actual:   "31 This is an int : 0\n\n"

- [OUTPUT] ft_printf("%20d", -1024)
   expected: "               -1024"
   actual:   "-               1024"

- [OUTPUT] ft_printf("%20i", -1024)
   expected: "               -1024"
   actual:   "-               1024"

- [OUTPUT] ft_printf("%20.5d", -1024)
   expected: "              -01024"
   actual:   "-              01024"

- [OUTPUT] ft_printf("%20.5i", -1024)
   expected: "              -01024"
   actual:   "-              01024"

- [OUTPUT] ft_printf("%020.5d", 1024)
   expected: "               01024"
   actual:   "00000000000000001024"

- [OUTPUT] ft_printf("%020.5d", -1024)
   expected: "              -01024"
   actual:   "-0000000000000001024"

- [OUTPUT] ft_printf("%020.5i", 1024)
   expected: "               01024"
   actual:   "00000000000000001024"

- [OUTPUT] ft_printf("%020.5i", -1024)
   expected: "              -01024"
   actual:   "-0000000000000001024"

- [OUTPUT] ft_printf("%020.5u", 1024u)
   expected: "               01024"
   actual:   "00000000000000001024"

- [OUTPUT] ft_printf("%020.5u", -1024u)
   expected: "          4294966272"
   actual:   "00000000004294966272"

- [OUTPUT] ft_printf("%020.5x", 0x1234abcdu)
   expected: "            1234abcd"
   actual:   "0000000000001234abcd"

- [OUTPUT] ft_printf("%020.10x", -0x1234abcdu)
   expected: "          00edcb5433"
   actual:   "000000000000edcb5433"

- [OUTPUT] ft_printf("%020.5X", 0x1234abcdu)
   expected: "            1234ABCD"
   actual:   "0000000000001234ABCD"

- [OUTPUT] ft_printf("%020.10X", -0x1234abcdu)
   expected: "          00EDCB5433"
   actual:   "000000000000EDCB5433"

- [OUTPUT] ft_printf("%20.d", -1024)
   expected: "               -1024"
   actual:   "-               1024"

- [OUTPUT] ft_printf("%20.d", 0)
   expected: "                    "
   actual:   "                   0"

- [OUTPUT] ft_printf("%20.i", -1024)
   expected: "               -1024"
   actual:   "-               1024"

- [OUTPUT] ft_printf("%20.i", 0)
   expected: "                    "
   actual:   "                   0"

- [OUTPUT] ft_printf("%20.u", 0u)
   expected: "                    "
   actual:   "                   0"

- [OUTPUT] ft_printf("%20.x", 0u)
   expected: "                    "
   actual:   "                   0"

- [OUTPUT] ft_printf("%20.X", 0u)
   expected: "                    "
   actual:   "                   0"

- [OUTPUT] ft_printf("%-153p%0110.8x%110p" ,(void*)17240180584784891087lu,2705171059u,(void*)1312307382483808423lu)
   expected: "0xef416ce643b08ccf                                                                                                                                                                                                                                             a13da273                                                                                            0x1236409c8911f0a7"
   actual:   "0xef416ce643b08ccf                                                                                                                                       000000000000000000000000000000000000000000000000000000000000000000000000000000000000000000000000000000a13da273                                                                                            0x1236409c8911f0a7"

- [OUTPUT] ft_printf("%0163.109u%-140.69d%---91.148s%000132.141i%-52.170x" ,2109506632u,-1086209677,"\nmD^8<.q*'\rD",-1143516304,2879456117u)
   expected: "                                                      0000000000000000000000000000000000000000000000000000000000000000000000000000000000000000000000000002109506632-000000000000000000000000000000000000000000000000000000000001086209677                                                                      mD^8<.q*'D                                                                               -000000000000000000000000000000000000000000000000000000000000000000000000000000000000000000000000000000000000000000000000000000000001143516304000000000000000000000000000000000000000000000000000000000000000000000000000000000000000000000000000000000000000000000000000000000000000000000000000000000000000000aba10375\n\r"
   actual:   "0000000000000000000000000000000000000000000000000000000000000000000000000000000000000000000000000000000000000000000000000000000000000000000000000000000002109506632-000000000000000000000000000000000000000000000000000000000001086209677                                                                      mD^8<.q*'D                                                                               -000000000000000000000000000000000000000000000000000000000000000000000000000000000000000000000000000000000000000000000000000000000001143516304000000000000000000000000000000000000000000000000000000000000000000000000000000000000000000000000000000000000000000000000000000000000000000000000000000000000000000aba10375\n\r"

- [OUTPUT] ft_printf("%-9.53X%-59c%0110.72x%0019.4d" ,2443914393u,110,1020946345u,-1518145014)
   expected: "00000000000000000000000000000000000000000000091AB2C99n                                                                                                00000000000000000000000000000000000000000000000000000000000000003cda67a9        -1518145014"
   actual:   "00000000000000000000000000000000000000000000091AB2C99n                                                          0000000000000000000000000000000000000000000000000000000000000000000000000000000000000000000000000000003cda67a9-000000001518145014"

- [OUTPUT] ft_printf("%0%%0104.20x%---176p%--8.25X%-120.98i" ,462982545u,(void*)2547223992875393254lu,1267937232u,640121608)
   expected: "%                                                                                    0000000000001b988d910x23598eb9cab0a0e6                                                                                                                                                              000000000000000004B932FD000000000000000000000000000000000000000000000000000000000000000000000000000000000000000000640121608                      "
   actual:   "%0000000000000000000000000000000000000000000000000000000000000000000000000000000000000000000000001b988d910x23598eb9cab0a0e6                                                                                                                                                              000000000000000004B932FD000000000000000000000000000000000000000000000000000000000000000000000000000000000000000000640121608                      "

- [OUTPUT] ft_printf("%090.196X%0197.108d" ,905350113u,-1350090454)
   expected: "0000000000000000000000000000000000000000000000000000000000000000000000000000000000000000000000000000000000000000000000000000000000000000000000000000000000000000000000000000000000000000000035F68BE1                                                                                        -000000000000000000000000000000000000000000000000000000000000000000000000000000000000000000000000001350090454"
   actual:   "0000000000000000000000000000000000000000000000000000000000000000000000000000000000000000000000000000000000000000000000000000000000000000000000000000000000000000000000000000000000000000000035F68BE1-0000000000000000000000000000000000000000000000000000000000000000000000000000000000000000000000000000000000000000000000000000000000000000000000000000000000000000000000000000000000000000001350090454"

- [OUTPUT] ft_printf("%000117.56d%0119.133x" ,1122960589,1573350691u)
   expected: "                                                             00000000000000000000000000000000000000000000001122960589000000000000000000000000000000000000000000000000000000000000000000000000000000000000000000000000000000000000000000000000000005dc76d23"
   actual:   "000000000000000000000000000000000000000000000000000000000000000000000000000000000000000000000000000000000001122960589000000000000000000000000000000000000000000000000000000000000000000000000000000000000000000000000000000000000000000000000000005dc76d23"

- [OUTPUT] ft_printf("%06.38i%-168.40X%0074.18d%-158p" ,514862160,1406013807u,-595638242,(void*)15381379978655233653lu)
   expected: "000000000000000000000000000005148621600000000000000000000000000000000053CE116F                                                                                                                                                                                       -0000000005956382420xd575a398b70cf675                                                                                                                                            "
   actual:   "000000000000000000000000000005148621600000000000000000000000000000000053CE116F                                                                                                                                -00000000000000000000000000000000000000000000000000000000000000005956382420xd575a398b70cf675                                                                                                                                            "

- [OUTPUT] ft_printf("%197c%12p%013.i%--147.185x%-1c" ,7,(void*)18229185041105221837lu,-1488496170,703835510u,120)
   expected: "                                                                                                                                                                                                    0xfcfb133667f0f8cd  -148849617000000000000000000000000000000000000000000000000000000000000000000000000000000000000000000000000000000000000000000000000000000000000000000000000000000000000000000000000000000000029f3ad76x\07"
   actual:   "                                                                                                                                                                                                    0xfcfb133667f0f8cd-00148849617000000000000000000000000000000000000000000000000000000000000000000000000000000000000000000000000000000000000000000000000000000000000000000000000000000000000000000000000000000000029f3ad76x\07"

- [OUTPUT] ft_printf("%-52c%---163c%0%%050.35u" ,-60,-30,3953001178u)
   expected: "                                                                                                                                                                                                                     %               00000000000000000000000003953001178\c4\e2"
   actual:   "                                                                                                                                                                                                                     %00000000000000000000000000000000000000003953001178\c4\e2"

- [OUTPUT] ft_printf("%121.64s%-3p%13.163s%-121.90u%00120.46u" ,"'^rPh{8S9)<x)F~vD@$)\nkT}bA-\\",(void*)2235944964447641287lu,"g$5|Xl'wi?..wz#\\s&$HNI[,stq~E",2648867901u,3988920245u)
   expected: "                                                                                             '^rPh{8S9)<x)F~vD@$)kT}bA-\0x1f07ac193f399ec7g$5|Xl'wi?..wz#\s&$HNI[,stq~E000000000000000000000000000000000000000000000000000000000000000000000000000000002648867901                                                                                                         0000000000000000000000000000000000003988920245\n"
   actual:   "                                                                                             '^rPh{8S9)<x)F~vD@$)kT}bA-\0x1f07ac193f399ec7g$5|Xl'wi?..wz#\s&$HNI[,stq~E000000000000000000000000000000000000000000000000000000000000000000000000000000002648867901                               000000000000000000000000000000000000000000000000000000000000000000000000000000000000000000000000000000000000003988920245\n"

- [OUTPUT] ft_printf("%000197.126d%-19.111u" ,1687714499,1138173642u)
   expected: "                                                                       000000000000000000000000000000000000000000000000000000000000000000000000000000000000000000000000000000000000000000001687714499000000000000000000000000000000000000000000000000000000000000000000000000000000000000000000000000000001138173642"
   actual:   "00000000000000000000000000000000000000000000000000000000000000000000000000000000000000000000000000000000000000000000000000000000000000000000000000000000000000000000000000000000000000000001687714499000000000000000000000000000000000000000000000000000000000000000000000000000000000000000000000000000001138173642"

- [OUTPUT] ft_printf("%-13.177s%0190.186x%0111.11d%-94.27X" ,"EWm?S`Z.ZHC2&K&\r@\\+",2398140703u,-90107139,3852798010u)
   expected: "EWm?S`Z.ZHC2&K&@\+    00000000000000000000000000000000000000000000000000000000000000000000000000000000000000000000000000000000000000000000000000000000000000000000000000000000000000000000000000000000008ef0b91f                                                                                                   -000901071390000000000000000000E5A5083A                                                                   \r"
   actual:   "EWm?S`Z.ZHC2&K&@\+000000000000000000000000000000000000000000000000000000000000000000000000000000000000000000000000000000000000000000000000000000000000000000000000000000000000000000000000000000000000008ef0b91f-000000000000000000000000000000000000000000000000000000000000000000000000000000000000000000000000000000901071390000000000000000000E5A5083A                                                                   \r"

- [OUTPUT] ft_printf("%038.4x%97p%030.48X" ,3857355889u,(void*)807170435392081871lu,1801588532u)
   expected: "                              e5ea9471                                                                                0xb33a53c02be0fcf00000000000000000000000000000000000000006B620F34"
   actual:   "000000000000000000000000000000e5ea9471                                                                                0xb33a53c02be0fcf00000000000000000000000000000000000000006B620F34"

- [OUTPUT] ft_printf("%00070.99u%00142.132x%---78.52d%-147.134i%-%" ,1060731427u,715254811u,-1080597013,-611888681)
   expected: "000000000000000000000000000000000000000000000000000000000000000000000000000000000000000001060731427          00000000000000000000000000000000000000000000000000000000000000000000000000000000000000000000000000000000000000000000000000002aa1ec1b-0000000000000000000000000000000000000000001080597013                         -00000000000000000000000000000000000000000000000000000000000000000000000000000000000000000000000000000000000000000000000000000611888681            %"
   actual:   "000000000000000000000000000000000000000000000000000000000000000000000000000000000000000001060731427000000000000000000000000000000000000000000000000000000000000000000000000000000000000000000000000000000000000000000000000000000000000002aa1ec1b-0000000000000000000000000000000000000000001080597013                         -00000000000000000000000000000000000000000000000000000000000000000000000000000000000000000000000000000000000000000000000000000611888681            %"

- [OUTPUT] ft_printf("%-189.X%000130.137d%092.60d" ,823761827u,-369802385,-444387222)
   expected: "31199BA3                                                                                                                                                                                     -00000000000000000000000000000000000000000000000000000000000000000000000000000000000000000000000000000000000000000000000000000000369802385                               -000000000000000000000000000000000000000000000000000444387222"
   actual:   "31199BA3                                                                                                                                                                                     -00000000000000000000000000000000000000000000000000000000000000000000000000000000000000000000000000000000000000000000000000000000369802385-0000000000000000000000000000000000000000000000000000000000000000000000000000000000444387222"

- [OUTPUT] ft_printf("%0168.128u%0054.92x%30.171s" ,2620195206u,1771128939u,NULL)
   expected: "                                        000000000000000000000000000000000000000000000000000000000000000000000000000000000000000000000000000000000000000000000026201952060000000000000000000000000000000000000000000000000000000000000000000000000000000000006991486b                        (null)"
   actual:   "0000000000000000000000000000000000000000000000000000000000000000000000000000000000000000000000000000000000000000000000000000000000000000000000000000000000000026201952060000000000000000000000000000000000000000000000000000000000000000000000000000000000006991486b                        (null)"

- [OUTPUT] ft_printf("%00057.46d" ,118178230)
   expected: "           0000000000000000000000000000000000000118178230"
   actual:   "000000000000000000000000000000000000000000000000118178230"

- [OUTPUT] ft_printf("%-%%0044.25d%---172.48X" ,699603934,2593531191u)
   expected: "%                   000000000000000069960393400000000000000000000000000000000000000009A962537                                                                                                                            "
   actual:   "%0000000000000000000000000000000000069960393400000000000000000000000000000000000000009A962537                                                                                                                            "

- [OUTPUT] ft_printf("%00101.6i%-41.55d%-%%-76p%--81p" ,383803588,1279553359,(void*)11248044234994893080lu,(void*)8032604661431581565lu)
   expected: "                                                                                            3838035880000000000000000000000000000000000000000000001279553359%0x9c1914a314c04118                                                          0x6f798b6189c6bb7d                                                               "
   actual:   "000000000000000000000000000000000000000000000000000000000000000000000000000000000000000000003838035880000000000000000000000000000000000000000000001279553359%0x9c1914a314c04118                                                          0x6f798b6189c6bb7d                                                               "

- [OUTPUT] ft_printf("%-146p%61.188s%--4.45u%0101.43X" ,(void*)9385099357660773515lu,"AmHx.B%B(|@OR&y94wO",462406975u,1042322495u)
   expected: "0x823e9224331dfc8b                                                                                                                                                                          AmHx.B%B(|@OR&y94wO000000000000000000000000000000000000462406975                                                          000000000000000000000000000000000003E20943F"
   actual:   "0x823e9224331dfc8b                                                                                                                                                                          AmHx.B%B(|@OR&y94wO0000000000000000000000000000000000004624069750000000000000000000000000000000000000000000000000000000000000000000000000000000000000000000003E20943F"

- [OUTPUT] ft_printf("%-%%0180.177d%--9.67X" ,-506067077,2568175332u)
   expected: "%  -0000000000000000000000000000000000000000000000000000000000000000000000000000000000000000000000000000000000000000000000000000000000000000000000000000000000000000000000005060670770000000000000000000000000000000000000000000000000000000000099133EE4"
   actual:   "%-000000000000000000000000000000000000000000000000000000000000000000000000000000000000000000000000000000000000000000000000000000000000000000000000000000000000000000000000005060670770000000000000000000000000000000000000000000000000000000000099133EE4"

- [OUTPUT] ft_printf("%-68.71X%0162.97d" ,1241688513u,198930151)
   expected: "0000000000000000000000000000000000000000000000000000000000000004A02A9C1                                                                 0000000000000000000000000000000000000000000000000000000000000000000000000000000000000000198930151"
   actual:   "0000000000000000000000000000000000000000000000000000000000000004A02A9C1000000000000000000000000000000000000000000000000000000000000000000000000000000000000000000000000000000000000000000000000000000000000000000000000000000000198930151"

- [OUTPUT] ft_printf("%00083.93d%-55.41u%-53p%0184.141x%00095.8d" ,199982661,274355806u,(void*)5935165970550123490lu,84062795u,-1718426199)
   expected: "00000000000000000000000000000000000000000000000000000000000000000000000000000000000019998266100000000000000000000000000000000274355806              0x525df2011da06be2                                                                              00000000000000000000000000000000000000000000000000000000000000000000000000000000000000000000000000000000000000000000000000000000000000502b24b                                                                                    -1718426199"
   actual:   "00000000000000000000000000000000000000000000000000000000000000000000000000000000000019998266100000000000000000000000000000000274355806              0x525df2011da06be2                                   000000000000000000000000000000000000000000000000000000000000000000000000000000000000000000000000000000000000000000000000000000000000000000000000000000000000000000000000000000000502b24b-0000000000000000000000000000000000000000000000000000000000000000000000000000000000001718426199"

- [OUTPUT] ft_printf("%---26.93u%0048.24u%168p%---%%--%" ,1674006569u,2231710712u,(void*)8652210935049373690lu)
   expected: "000000000000000000000000000000000000000000000000000000000000000000000000000000000001674006569                        000000000000002231710712                                                                                                                                                      0x7812d401095e47fa%%"
   actual:   "000000000000000000000000000000000000000000000000000000000000000000000000000000000001674006569000000000000000000000000000000000000002231710712                                                                                                                                                      0x7812d401095e47fa%%"

- [OUTPUT] ft_printf("%0162.19u%-163p" ,2075536297u,(void*)16464387670933811057lu)
   expected: "                                                                                                                                               00000000020755362970xe47d415aca54af71                                                                                                                                                 "
   actual:   "0000000000000000000000000000000000000000000000000000000000000000000000000000000000000000000000000000000000000000000000000000000000000000000000000000000020755362970xe47d415aca54af71                                                                                                                                                 "

- [OUTPUT] ft_printf("%-33.88X%00103.16x%-%" ,4177285833u,2437427694u)
   expected: "00000000000000000000000000000000000000000000000000000000000000000000000000000000F8FC52C9                                                                                       00000000914831ee%"
   actual:   "00000000000000000000000000000000000000000000000000000000000000000000000000000000F8FC52C900000000000000000000000000000000000000000000000000000000000000000000000000000000000000000000000914831ee%"

- [OUTPUT] ft_printf("%0199.116d%-10.132i%-184.98x%-186.60u" ,-1501266571,225545851,491710007u,1838412370u)
   expected: "                                                                                  -000000000000000000000000000000000000000000000000000000000000000000000000000000000000000000000000000000000015012665710000000000000000000000000000000000000000000000000000000000000000000000000000000000000000000000000000000000000000000000000002255458510000000000000000000000000000000000000000000000000000000000000000000000000000000000000000001d4ee637                                                                                      000000000000000000000000000000000000000000000000001838412370                                                                                                                              "
   actual:   "-0000000000000000000000000000000000000000000000000000000000000000000000000000000000000000000000000000000000000000000000000000000000000000000000000000000000000000000000000000000000000000000015012665710000000000000000000000000000000000000000000000000000000000000000000000000000000000000000000000000000000000000000000000000002255458510000000000000000000000000000000000000000000000000000000000000000000000000000000000000000001d4ee637                                                                                      000000000000000000000000000000000000000000000000001838412370                                                                                                                              "

- [OUTPUT] ft_printf("%.d", 0)
   expected: ""
   actual:   "0"

